# JRE version: Java(TM) SE Runtime Environment (8.0_131-b11) (build 1.8.0_131-b11)
# Java VM: Java HotSpot(TM) 64-Bit Server VM (25.131-b11 mixed mode windows-amd64 compressed oops)
Heap:
 PSYoungGen      total 2097152K, used 1820883K [0x000000073eb00000, 0x00000007c0000000, 0x00000007c0000000)
  eden space 2076672K, 86% used [0x000000073eb00000,0x00000007acde6278,0x00000007bd700000)
  from space 20480K, 76% used [0x00000007beb00000,0x00000007bfa4e9c8,0x00000007bff00000)
  to   space 20480K, 0% used [0x00000007bd700000,0x00000007bd700000,0x00000007beb00000)
 ParOldGen       total 231424K, used 174279K [0x000000063c000000, 0x000000064a200000, 0x000000073eb00000)
  object space 231424K, 75% used [0x000000063c000000,0x0000000646a31fc0,0x000000064a200000)
 Metaspace       used 87590K, capacity 94665K, committed 94848K, reserved 1128448K
  class space    used 13898K, capacity 16229K, committed 16256K, reserved 1048576K
GC Heap History (10 events):
Event: 797.826 GC heap before
{Heap before GC invocations=101 (full 3):
 PSYoungGen      total 2097152K, used 2090522K [0x000000073eb00000, 0x00000007c0000000, 0x00000007c0000000)
  eden space 2076160K, 99% used [0x000000073eb00000,0x00000007bd6149c8,0x00000007bd680000)
  from space 20992K, 70% used [0x00000007bd680000,0x00000007be4f1f00,0x00000007beb00000)
  to   space 21504K, 0% used [0x00000007beb00000,0x00000007beb00000,0x00000007c0000000)
 ParOldGen       total 231424K, used 162088K [0x000000063c000000, 0x000000064a200000, 0x000000073eb00000)
  object space 231424K, 70% used [0x000000063c000000,0x0000000645e4a320,0x000000064a200000)
 Metaspace       used 86984K, capacity 94019K, committed 94208K, reserved 1128448K
  class space    used 13792K, capacity 16100K, committed 16128K, reserved 1048576K
Event: 797.853 GC heap after
Heap after GC invocations=101 (full 3):
 PSYoungGen      total 2097152K, used 14361K [0x000000073eb00000, 0x00000007bff80000, 0x00000007c0000000)
  eden space 2076160K, 0% used [0x000000073eb00000,0x000000073eb00000,0x00000007bd680000)
  from space 20992K, 68% used [0x00000007beb00000,0x00000007bf9067b0,0x00000007bff80000)
  to   space 20992K, 0% used [0x00000007bd680000,0x00000007bd680000,0x00000007beb00000)
 ParOldGen       total 231424K, used 162128K [0x000000063c000000, 0x000000064a200000, 0x000000073eb00000)
  object space 231424K, 70% used [0x000000063c000000,0x0000000645e54320,0x000000064a200000)
 Metaspace       used 86984K, capacity 94019K, committed 94208K, reserved 1128448K
  class space    used 13792K, capacity 16100K, committed 16128K, reserved 1048576K
}
Event: 805.191 GC heap before
{Heap before GC invocations=102 (full 3):
 PSYoungGen      total 2097152K, used 2090521K [0x000000073eb00000, 0x00000007bff80000, 0x00000007c0000000)
  eden space 2076160K, 100% used [0x000000073eb00000,0x00000007bd680000,0x00000007bd680000)
  from space 20992K, 68% used [0x00000007beb00000,0x00000007bf9067b0,0x00000007bff80000)
  to   space 20992K, 0% used [0x00000007bd680000,0x00000007bd680000,0x00000007beb00000)
 ParOldGen       total 231424K, used 162128K [0x000000063c000000, 0x000000064a200000, 0x000000073eb00000)
  object space 231424K, 70% used [0x000000063c000000,0x0000000645e54338,0x000000064a200000)
 Metaspace       used 87003K, capacity 94019K, committed 94208K, reserved 1128448K
  class space    used 13793K, capacity 16100K, committed 16128K, reserved 1048576K
Event: 805.216 GC heap after
Heap after GC invocations=102 (full 3):
 PSYoungGen      total 2097152K, used 14567K [0x000000073eb00000, 0x00000007c0000000, 0x00000007c0000000)
  eden space 2076160K, 0% used [0x000000073eb00000,0x000000073eb00000,0x00000007bd680000)
  from space 20992K, 69% used [0x00000007bd680000,0x00000007be4b9f38,0x00000007beb00000)
  to   space 20992K, 0% used [0x00000007beb80000,0x00000007beb80000,0x00000007c0000000)
 ParOldGen       total 231424K, used 162352K [0x000000063c000000, 0x000000064a200000, 0x000000073eb00000)
  object space 231424K, 70% used [0x000000063c000000,0x0000000645e8c1c0,0x000000064a200000)
 Metaspace       used 87003K, capacity 94019K, committed 94208K, reserved 1128448K
  class space    used 13793K, capacity 16100K, committed 16128K, reserved 1048576K
}
Event: 812.131 GC heap before
{Heap before GC invocations=103 (full 3):
 PSYoungGen      total 2097152K, used 2090727K [0x000000073eb00000, 0x00000007c0000000, 0x00000007c0000000)
  eden space 2076160K, 100% used [0x000000073eb00000,0x00000007bd680000,0x00000007bd680000)
  from space 20992K, 69% used [0x00000007bd680000,0x00000007be4b9f38,0x00000007beb00000)
  to   space 20992K, 0% used [0x00000007beb80000,0x00000007beb80000,0x00000007c0000000)
 ParOldGen       total 231424K, used 168498K [0x000000063c000000, 0x000000064a200000, 0x000000073eb00000)
  object space 231424K, 72% used [0x000000063c000000,0x000000064648c938,0x000000064a200000)
 Metaspace       used 87065K, capacity 94115K, committed 94336K, reserved 1128448K
  class space    used 13800K, capacity 16132K, committed 16256K, reserved 1048576K
Event: 812.161 GC heap after
Heap after GC invocations=103 (full 3):
 PSYoungGen      total 2097664K, used 15163K [0x000000073eb00000, 0x00000007c0000000, 0x00000007c0000000)
  eden space 2076672K, 0% used [0x000000073eb00000,0x000000073eb00000,0x00000007bd700000)
  from space 20992K, 72% used [0x00000007beb80000,0x00000007bfa4ed60,0x00000007c0000000)
  to   space 20992K, 0% used [0x00000007bd700000,0x00000007bd700000,0x00000007beb80000)
 ParOldGen       total 231424K, used 168506K [0x000000063c000000, 0x000000064a200000, 0x000000073eb00000)
  object space 231424K, 72% used [0x000000063c000000,0x000000064648e938,0x000000064a200000)
 Metaspace       used 87065K, capacity 94115K, committed 94336K, reserved 1128448K
  class space    used 13800K, capacity 16132K, committed 16256K, reserved 1048576K
}
Event: 816.854 GC heap before
{Heap before GC invocations=104 (full 3):
 PSYoungGen      total 2097664K, used 2091835K [0x000000073eb00000, 0x00000007c0000000, 0x00000007c0000000)
  eden space 2076672K, 100% used [0x000000073eb00000,0x00000007bd700000,0x00000007bd700000)
  from space 20992K, 72% used [0x00000007beb80000,0x00000007bfa4ed60,0x00000007c0000000)
  to   space 20992K, 0% used [0x00000007bd700000,0x00000007bd700000,0x00000007beb80000)
 ParOldGen       total 231424K, used 173628K [0x000000063c000000, 0x000000064a200000, 0x000000073eb00000)
  object space 231424K, 75% used [0x000000063c000000,0x000000064698f0a8,0x000000064a200000)
 Metaspace       used 87081K, capacity 94179K, committed 94592K, reserved 1128448K
  class space    used 13800K, capacity 16132K, committed 16256K, reserved 1048576K
Event: 816.874 GC heap after
Heap after GC invocations=104 (full 3):
 PSYoungGen      total 2090496K, used 13659K [0x000000073eb00000, 0x00000007bff00000, 0x00000007c0000000)
  eden space 2076672K, 0% used [0x000000073eb00000,0x000000073eb00000,0x00000007bd700000)
  from space 13824K, 98% used [0x00000007bd700000,0x00000007be456d60,0x00000007be480000)
  to   space 20480K, 0% used [0x00000007beb00000,0x00000007beb00000,0x00000007bff00000)
 ParOldGen       total 231424K, used 173687K [0x000000063c000000, 0x000000064a200000, 0x000000073eb00000)
  object space 231424K, 75% used [0x000000063c000000,0x000000064699dda8,0x000000064a200000)
 Metaspace       used 87081K, capacity 94179K, committed 94592K, reserved 1128448K
  class space    used 13800K, capacity 16132K, committed 16256K, reserved 1048576K
}
Event: 822.549 GC heap before
{Heap before GC invocations=105 (full 3):
 PSYoungGen      total 2090496K, used 2090331K [0x000000073eb00000, 0x00000007bff00000, 0x00000007c0000000)
  eden space 2076672K, 100% used [0x000000073eb00000,0x00000007bd700000,0x00000007bd700000)
  from space 13824K, 98% used [0x00000007bd700000,0x00000007be456d60,0x00000007be480000)
  to   space 20480K, 0% used [0x00000007beb00000,0x00000007beb00000,0x00000007bff00000)
 ParOldGen       total 231424K, used 173687K [0x000000063c000000, 0x000000064a200000, 0x000000073eb00000)
  object space 231424K, 75% used [0x000000063c000000,0x000000064699dda8,0x000000064a200000)
 Metaspace       used 87173K, capacity 94275K, committed 94592K, reserved 1128448K
  class space    used 13831K, capacity 16164K, committed 16256K, reserved 1048576K
Event: 822.580 GC heap after
Heap after GC invocations=105 (full 3):
 PSYoungGen      total 2097152K, used 15674K [0x000000073eb00000, 0x00000007c0000000, 0x00000007c0000000)
  eden space 2076672K, 0% used [0x000000073eb00000,0x000000073eb00000,0x00000007bd700000)
  from space 20480K, 76% used [0x00000007beb00000,0x00000007bfa4e9c8,0x00000007bff00000)
  to   space 20480K, 0% used [0x00000007bd700000,0x00000007bd700000,0x00000007beb00000)
 ParOldGen       total 231424K, used 174279K [0x000000063c000000, 0x000000064a200000, 0x000000073eb00000)
  object space 231424K, 75% used [0x000000063c000000,0x0000000646a31fc0,0x000000064a200000)
 Metaspace       used 87173K, capacity 94275K, committed 94592K, reserved 1128448K
  class space    used 13831K, capacity 16164K, committed 16256K, reserved 1048576K
}

