# JRE version: Java(TM) SE Runtime Environment (8.0_131-b11) (build 1.8.0_131-b11)
# Java VM: Java HotSpot(TM) 64-Bit Server VM (25.131-b11 mixed mode windows-amd64 compressed oops)
Heap:
 PSYoungGen      total 389632K, used 280683K [0x000000073eb00000, 0x0000000758e80000, 0x00000007c0000000)
  eden space 366080K, 75% used [0x000000073eb00000,0x000000074fa44448,0x0000000755080000)
  from space 23552K, 12% used [0x0000000757780000,0x0000000757a569e8,0x0000000758e80000)
  to   space 31744K, 0% used [0x0000000755080000,0x0000000755080000,0x0000000756f80000)
 ParOldGen       total 197632K, used 116091K [0x000000063c000000, 0x0000000648100000, 0x000000073eb00000)
  object space 197632K, 58% used [0x000000063c000000,0x000000064315eca0,0x0000000648100000)
 Metaspace       used 72604K, capacity 79628K, committed 80000K, reserved 1114112K
  class space    used 12534K, capacity 14881K, committed 14976K, reserved 1048576K
GC Heap History (10 events):
Event: 9.390 GC heap before
{Heap before GC invocations=13 (full 2):
 PSYoungGen      total 222208K, used 206848K [0x000000073eb00000, 0x000000074e600000, 0x00000007c0000000)
  eden space 206848K, 100% used [0x000000073eb00000,0x000000074b500000,0x000000074b500000)
  from space 15360K, 0% used [0x000000074c480000,0x000000074c480000,0x000000074d380000)
  to   space 15872K, 0% used [0x000000074b500000,0x000000074b500000,0x000000074c480000)
 ParOldGen       total 105472K, used 35112K [0x000000063c000000, 0x0000000642700000, 0x000000073eb00000)
  object space 105472K, 33% used [0x000000063c000000,0x000000063e24a3a0,0x0000000642700000)
 Metaspace       used 50253K, capacity 50622K, committed 50944K, reserved 1093632K
  class space    used 7292K, capacity 7422K, committed 7424K, reserved 1048576K
Event: 9.419 GC heap after
Heap after GC invocations=13 (full 2):
 PSYoungGen      total 222720K, used 15860K [0x000000073eb00000, 0x0000000753f00000, 0x00000007c0000000)
  eden space 206848K, 0% used [0x000000073eb00000,0x000000073eb00000,0x000000074b500000)
  from space 15872K, 99% used [0x000000074b500000,0x000000074c47d038,0x000000074c480000)
  to   space 31232K, 0% used [0x0000000752080000,0x0000000752080000,0x0000000753f00000)
 ParOldGen       total 105472K, used 72200K [0x000000063c000000, 0x0000000642700000, 0x000000073eb00000)
  object space 105472K, 68% used [0x000000063c000000,0x00000006406821e8,0x0000000642700000)
 Metaspace       used 50253K, capacity 50622K, committed 50944K, reserved 1093632K
  class space    used 7292K, capacity 7422K, committed 7424K, reserved 1048576K
}
Event: 67.563 GC heap before
{Heap before GC invocations=14 (full 2):
 PSYoungGen      total 222720K, used 222708K [0x000000073eb00000, 0x0000000753f00000, 0x00000007c0000000)
  eden space 206848K, 100% used [0x000000073eb00000,0x000000074b500000,0x000000074b500000)
  from space 15872K, 99% used [0x000000074b500000,0x000000074c47d038,0x000000074c480000)
  to   space 31232K, 0% used [0x0000000752080000,0x0000000752080000,0x0000000753f00000)
 ParOldGen       total 105472K, used 72200K [0x000000063c000000, 0x0000000642700000, 0x000000073eb00000)
  object space 105472K, 68% used [0x000000063c000000,0x00000006406821e8,0x0000000642700000)
 Metaspace       used 56843K, capacity 57426K, committed 57856K, reserved 1099776K
  class space    used 8101K, capacity 8322K, committed 8448K, reserved 1048576K
Event: 67.607 GC heap after
Heap after GC invocations=14 (full 2):
 PSYoungGen      total 300544K, used 19995K [0x000000073eb00000, 0x0000000753780000, 0x00000007c0000000)
  eden space 276992K, 0% used [0x000000073eb00000,0x000000073eb00000,0x000000074f980000)
  from space 23552K, 84% used [0x0000000752080000,0x0000000753406ca0,0x0000000753780000)
  to   space 31744K, 0% used [0x000000074f980000,0x000000074f980000,0x0000000751880000)
 ParOldGen       total 105472K, used 87350K [0x000000063c000000, 0x0000000642700000, 0x000000073eb00000)
  object space 105472K, 82% used [0x000000063c000000,0x000000064154da58,0x0000000642700000)
 Metaspace       used 56843K, capacity 57426K, committed 57856K, reserved 1099776K
  class space    used 8101K, capacity 8322K, committed 8448K, reserved 1048576K
}
Event: 67.607 GC heap before
{Heap before GC invocations=15 (full 3):
 PSYoungGen      total 300544K, used 19995K [0x000000073eb00000, 0x0000000753780000, 0x00000007c0000000)
  eden space 276992K, 0% used [0x000000073eb00000,0x000000073eb00000,0x000000074f980000)
  from space 23552K, 84% used [0x0000000752080000,0x0000000753406ca0,0x0000000753780000)
  to   space 31744K, 0% used [0x000000074f980000,0x000000074f980000,0x0000000751880000)
 ParOldGen       total 105472K, used 87350K [0x000000063c000000, 0x0000000642700000, 0x000000073eb00000)
  object space 105472K, 82% used [0x000000063c000000,0x000000064154da58,0x0000000642700000)
 Metaspace       used 56843K, capacity 57426K, committed 57856K, reserved 1099776K
  class space    used 8101K, capacity 8322K, committed 8448K, reserved 1048576K
Event: 67.867 GC heap after
Heap after GC invocations=15 (full 3):
 PSYoungGen      total 300544K, used 0K [0x000000073eb00000, 0x0000000753780000, 0x00000007c0000000)
  eden space 276992K, 0% used [0x000000073eb00000,0x000000073eb00000,0x000000074f980000)
  from space 23552K, 0% used [0x0000000752080000,0x0000000752080000,0x0000000753780000)
  to   space 31744K, 0% used [0x000000074f980000,0x000000074f980000,0x0000000751880000)
 ParOldGen       total 197632K, used 100493K [0x000000063c000000, 0x0000000648100000, 0x000000073eb00000)
  object space 197632K, 50% used [0x000000063c000000,0x0000000642223558,0x0000000648100000)
 Metaspace       used 56843K, capacity 57426K, committed 57856K, reserved 1099776K
  class space    used 8101K, capacity 8322K, committed 8448K, reserved 1048576K
}
Event: 70.193 GC heap before
{Heap before GC invocations=16 (full 3):
 PSYoungGen      total 300544K, used 276992K [0x000000073eb00000, 0x0000000753780000, 0x00000007c0000000)
  eden space 276992K, 100% used [0x000000073eb00000,0x000000074f980000,0x000000074f980000)
  from space 23552K, 0% used [0x0000000752080000,0x0000000752080000,0x0000000753780000)
  to   space 31744K, 0% used [0x000000074f980000,0x000000074f980000,0x0000000751880000)
 ParOldGen       total 197632K, used 100495K [0x000000063c000000, 0x0000000648100000, 0x000000073eb00000)
  object space 197632K, 50% used [0x000000063c000000,0x0000000642223f58,0x0000000648100000)
 Metaspace       used 63438K, capacity 66094K, committed 66304K, reserved 1105920K
  class space    used 9637K, capacity 10439K, committed 10496K, reserved 1048576K
Event: 70.208 GC heap after
Heap after GC invocations=16 (full 3):
 PSYoungGen      total 308736K, used 18285K [0x000000073eb00000, 0x0000000759600000, 0x00000007c0000000)
  eden space 276992K, 0% used [0x000000073eb00000,0x000000073eb00000,0x000000074f980000)
  from space 31744K, 57% used [0x000000074f980000,0x0000000750b5b678,0x0000000751880000)
  to   space 31232K, 0% used [0x0000000757780000,0x0000000757780000,0x0000000759600000)
 ParOldGen       total 197632K, used 100503K [0x000000063c000000, 0x0000000648100000, 0x000000073eb00000)
  object space 197632K, 50% used [0x000000063c000000,0x0000000642225f58,0x0000000648100000)
 Metaspace       used 63438K, capacity 66094K, committed 66304K, reserved 1105920K
  class space    used 9637K, capacity 10439K, committed 10496K, reserved 1048576K
}
Event: 72.454 GC heap before
{Heap before GC invocations=17 (full 3):
 PSYoungGen      total 308736K, used 295277K [0x000000073eb00000, 0x0000000759600000, 0x00000007c0000000)
  eden space 276992K, 100% used [0x000000073eb00000,0x000000074f980000,0x000000074f980000)
  from space 31744K, 57% used [0x000000074f980000,0x0000000750b5b678,0x0000000751880000)
  to   space 31232K, 0% used [0x0000000757780000,0x0000000757780000,0x0000000759600000)
 ParOldGen       total 197632K, used 100507K [0x000000063c000000, 0x0000000648100000, 0x000000073eb00000)
  object space 197632K, 50% used [0x000000063c000000,0x0000000642226ce0,0x0000000648100000)
 Metaspace       used 67004K, capacity 71886K, committed 72064K, reserved 1110016K
  class space    used 10837K, capacity 12411K, committed 12416K, reserved 1048576K
Event: 72.471 GC heap after
Heap after GC invocations=17 (full 3):
 PSYoungGen      total 389632K, used 2906K [0x000000073eb00000, 0x0000000758e80000, 0x00000007c0000000)
  eden space 366080K, 0% used [0x000000073eb00000,0x000000073eb00000,0x0000000755080000)
  from space 23552K, 12% used [0x0000000757780000,0x0000000757a569e8,0x0000000758e80000)
  to   space 31744K, 0% used [0x0000000755080000,0x0000000755080000,0x0000000756f80000)
 ParOldGen       total 197632K, used 116091K [0x000000063c000000, 0x0000000648100000, 0x000000073eb00000)
  object space 197632K, 58% used [0x000000063c000000,0x000000064315eca0,0x0000000648100000)
 Metaspace       used 67004K, capacity 71886K, committed 72064K, reserved 1110016K
  class space    used 10837K, capacity 12411K, committed 12416K, reserved 1048576K
}

